0 0 0 0 0 1 0
0.5 0.0612087 0 -0.000730742 -0.238278 0.938791 0
1 0.229161 -2.71051e-20 -0.00147146 -0.418062 0.770839 -2.71051e-20
1.5 0.462746 0 -0.00221203 -0.495821 0.537254 -1.25361e-19
2 0.705016 -2.1684e-19 -0.00295148 -0.452853 0.294984 -1.49078e-19
2.5 0.897028 -4.33681e-19 -0.00369032 -0.299833 0.102972 -1.37219e-19
3 0.992172 -4.06576e-19 -0.00442803 -0.0741735 0.00782765 -7.48777e-19
3.5 0.967483 6.77626e-19 -0.00516391 0.169118 0.0325174 -1.77199e-18
4 0.829175 3.7405e-18 -0.00589807 0.370847 0.170825 -4.59092e-18
4.5 0.611085 -9.86624e-18 -0.00663087 0.482034 0.388915 8.5347e-18
5 0.366387 7.39968e-18 -0.0073623 0.475805 0.633613 -1.13816e-17
5.5 0.15463 3.61852e-17 -0.00809237 0.353888 0.84537 -3.79267e-17
6 0.0272461 1.25225e-17 -0.00882125 0.146138 0.972754 -1.95563e-17
6.5 0.015057 -1.46893e-17 -0.00954896 -0.096768 0.984943 7.39633e-18
7 0.120816 3.28562e-17 -0.0102755 -0.315698 0.879184 -3.87194e-17
7.5 0.318588 -1.40157e-18 -0.0110008 -0.457457 0.681412 -4.20091e-18
8 0.560113 6.66858e-17 -0.0117248 -0.487715 0.439887 -7.23429e-17
8.5 0.786577 -1.17419e-16 -0.0124474 -0.399318 0.213423 1.12757e-16
9 0.942938 9.8426e-17 -0.0131686 -0.21398 0.0570616 -1.08556e-16
9.5 0.991302 -6.91153e-17 -0.0138882 0.0230533 0.00869759 5.84637e-17
10 0.920106 -1.05147e-16 -0.0146064 0.254046 0.0798939 9.48027e-17
10.5 0.746881 3.86851e-17 -0.0153232 0.422839 0.253119 -5.44537e-17
11 0.513939 2.7174e-17 -0.0160386 0.488499 0.486061 -3.46758e-17
11.5 0.278034 -5.06494e-17 -0.0167528 0.435248 0.721966 2.87632e-17
12 0.0965375 1.28278e-16 -0.0174657 0.276255 0.903463 -1.44464e-16
12.5 0.0134848 -2.7542e-16 -0.0181775 0.0503745 0.986515 2.55705e-16
13 0.0488919 -3.05388e-17 -0.0188882 -0.187342 0.951108 3.36043e-18
13.5 0.193932 -8.27332e-17 -0.0195976 -0.379066 0.806068 5.90926e-17
14 0.413134 1.66056e-16 -0.0203059 -0.478259 0.586866 -1.91503e-16
14.5 0.653057 1.12159e-16 -0.0210129 -0.460972 0.346943 -1.34225e-16
15 0.855322 -6.7716e-17 -0.0217184 -0.331619 0.144678 3.91858e-17
15.5 0.970811 -2.74374e-17 -0.0224226 -0.121863 0.0291889 -8.85022e-18
16 0.9716 6.58257e-18 -0.0231253 0.117143 0.0284002 -3.96578e-17
16.5 0.857706 1.3031e-16 -0.0238265 0.327225 0.142294 -1.58584e-16
17 0.657037 -1.32841e-16 -0.0245264 0.457349 0.342963 8.29021e-17
17.5 0.418548 -1.78316e-16 -0.025225 0.47602 0.581452 1.39774e-16
18 0.200303 -1.64841e-16 -0.0259223 0.378901 0.799697 1.2598e-16
18.5 0.0553361 -1.63405e-16 -0.0266186 0.189822 0.944664 1.35824e-16
19 0.0187654 2.44796e-17 -0.0273137 -0.0450713 0.981235 -4.7453e-17
19.5 0.0992852 -4.60895e-17 -0.0280077 -0.268574 0.900715 6.14038e-18
20 0.277101 1.9616e-17 -0.0287005 -0.426356 0.722899 -5.73571e-17
20.5 0.508794 5.01798e-17 -0.0293921 -0.480172 0.491206 -7.95156e-17
21 0.737924 -1.01362e-16 -0.0300824 -0.417123 0.262076 4.39617e-17
21.5 0.908777 -2.11745e-16 -0.0307714 -0.252757 0.0912228 1.47138e-16
22 0.979914 1.05928e-16 -0.0314589 -0.0272278 0.0200863 -1.55043e-16
22.5 0.934218 -1.60093e-16 -0.032145 0.204509 0.0657824 8.95945e-17
23 0.783015 2.50039e-17 -0.0328297 0.38609 0.216985 -6.60517e-17
23.5 0.563268 1.04722e-16 -0.0335131 0.473451 0.436732 -1.65587e-16
24 0.328538 -1.95894e-16 -0.0341952 0.445522 0.671462 1.58043e-16
24.5 0.135933 1.84401e-16 -0.0348762 0.309304 0.864067 -2.53633e-16
25 0.0322129 1.12697e-16 -0.0355561 0.0981218 0.967787 -1.70046e-16
25.5 0.0424361 -1.40844e-16 -0.036235 -0.136534 0.957564 8.21009e-17
26 0.163908 -5.71362e-16 -0.0369127 -0.337559 0.836092 4.92481e-16
26.5 0.366886 -1.95977e-16 -0.0375893 -0.45613 0.633114 1.35762e-16
27 0.601862 3.03992e-16 -0.0382646 -0.463565 0.398138 -3.83905e-16
27.5 0.811637 1.13824e-17 -0.0389386 -0.35826 0.188363 -8.68068e-17
28 0.945246 -3.05388e-16 -0.0396113 -0.166028 0.0547539 2.09814e-16
28.5 0.970338 -9.21367e-17 -0.0402826 0.0662255 0.0296619 7.15699e-19
29 0.88101 2.09646e-16 -0.0409525 0.281949 0.11899 -3.00048e-16
29.5 0.699195 -8.60734e-17 -0.041621 0.428714 0.300805 -4.16842e-17
30 0.469273 -1.16449e-17 -0.0422883 0.470959 0.530727 -1.15682e-16
30.5 0.247245 -3.63293e-16 -0.0429545 0.398602 0.752755 2.42198e-16
31 0.0870867 1.79932e-16 -0.0436195 0.229447 0.912913 -3.03834e-16
31.5 0.0276316 -4.95705e-17 -0.0442835 0.00480736 0.972368 -5.84069e-17
32 0.083153 3.29952e-16 -0.0449464 -0.22059 0.916847 -4.29776e-16
32.5 0.239939 1.69079e-16 -0.0456082 -0.391933 0.760061 -2.8018e-16
33 0.459677 -6.11047e-17 -0.0462689 -0.467654 0.540323 -5.60997e-17
33.5 0.688819 2.90023e-16 -0.0469283 -0.429515 0.311181 -4.07127e-16
34 0.871624 -6.89959e-17 -0.0475865 -0.286999 0.128376 -4.5117e-17
34.5 0.963726 -9.56076e-17 -0.0482433 -0.0749544 0.0362741 -2.42916e-17
35 0.942893 -1.69623e-16 -0.0488987 0.154929 0.0571072 5.12467e-17
35.5 0.814398 -1.31783e-16 -0.0495528 0.346717 0.185602 8.23925e-18
36 0.609685 2.03528e-16 -0.0502056 0.453841 0.390315 -3.56345e-16
36.5 0.378675 -4.28406e-16 -0.0508572 0.450406 0.621325 2.877e-16
37 0.177591 -1.2556e-16 -0.0515077 0.337451 0.822409 -2.57784e-17
37.5 0.055277 -3.22323e-16 -0.0521572 0.142644 0.944723 1.61797e-16
38 0.0413317 -6.63075e-16 -0.0528056 -0.0864937 0.958668 5.02732e-16
38.5 0.138948 1.70024e-16 -0.053453 -0.294178 0.861052 -3.31981e-16
39 0.324184 -1.85082e-16 -0.0540993 -0.429946 0.675816 3.1204e-18
39.5 0.551834 -2.44397e-16 -0.0547444 -0.460914 0.448166 8.07817e-17
40 0.766462 -3.37823e-17 -0.0553883 -0.379742 0.233538 -1.55808e-16
40.5 0.915901 -2.07081e-16 -0.0560309 -0.206376 0.0840992 1.35956e-17
41 0.963929 -2.90893e-16 -0.0566721 0.0168571 0.0360705 1.04737e-16
41.5 0.899055 -6.59874e-16 -0.0573121 0.235582 0.100945 4.42111e-16
42 0.737259 -2.65449e-16 -0.0579507 0.39662 0.262741 5.55731e-17
42.5 0.518065 -1.06932e-16 -0.0585882 0.460914 0.481935 -1.14931e-16
43 0.294879 -4.78145e-18 -0.0592245 0.413009 0.705121 -2.39031e-16
43.5 0.121983 2.59366e-16 -0.0598597 0.264759 0.878017 -4.79958e-16
44 0.0413265 1.72096e-16 -0.060494 0.0523976 0.958673 -3.96773e-16
44.5 0.0723554 -8.18223e-16 -0.0611272 -0.172316 0.927645 5.70137e-16
45 0.207319 3.57353e-16 -0.0617594 -0.354715 0.792681 -6.0225e-16
45.5 0.413208 5.4449e-16 -0.0623905 -0.450523 0.586792 -7.85237e-16
46 0.639825 -3.41994e-16 -0.0630205 -0.4366 0.360175 1.12635e-16
46.5 0.832025 -2.61102e-16 -0.0636492 -0.316533 0.167975 1.403e-17
47 0.943133 -2.65013e-16 -0.0642766 -0.119713 0.0568668 1.18258e-17
47.5 0.946279 2.8632e-16 -0.0649027 0.105857 0.0537205 -5.68139e-16
48 0.840897 -1.75618e-16 -0.0655276 0.305272 0.159103 -6.82365e-17
48.5 0.65281 -1.66548e-16 -0.0661512 0.430088 0.34719 -1.00143e-16
49 0.427908 -3.00511e-16 -0.0667736 0.450089 0.572092 5.15979e-18
49.5 0.220949 -6.32209e-16 -0.067395 0.360603 0.779051 3.22048e-16
50 0.0822277 4.12406e-16 -0.0680153 0.183593 0.917772 -6.92467e-16
50.5 0.0453513 -4.50326e-16 -0.0686347 -0.0377384 0.954649 1.38919e-16
51 0.119101 -2.33706e-16 -0.0692531 -0.249487 0.880899 -1.76685e-17
51.5 0.28534 -7.93911e-16 -0.0698705 -0.400179 0.71466 5.28329e-16
52 0.503474 -5.747e-16 -0.0704868 -0.453282 0.496526 2.51875e-16
52.5 0.720364 -3.03381e-16 -0.0711019 -0.396061 0.279636 4.71841e-18
53 0.883269 -7.54724e-17 -0.0717157 -0.242634 0.116731 -2.33004e-16
53.5 0.952675 -3.14351e-16 -0.0723283 -0.0304855 0.0473246 2.74594e-17
54 0.911876 1.95927e-16 -0.0729397 0.188688 0.0881245 -5.23072e-16
54.5 0.770993 5.57732e-17 -0.0735498 0.361575 0.229007 -4.31112e-16
55 0.564471 7.43172e-18 -0.0741587 0.44622 0.435529 -3.35575e-16
55.5 0.342649 -7.0196e-16 -0.0747665 0.422202 0.657351 3.91829e-16
56 0.159497 -3.35617e-16 -0.0753733 0.295559 0.840503 -8.12237e-18
56.5 0.0594822 7.88674e-16 -0.0759791 0.0972756 0.940518 -1.12527e-15
57 0.0667729 -4.02689e-16 -0.076584 -0.124299 0.933227 3.90737e-17
57.5 0.1794 -7.99467e-16 -0.0771879 -0.315241 0.8206 4.52072e-16
58 0.369781 -8.07484e-16 -0.0777907 -0.429176 0.630219 4.4083e-16
58.5 0.59148 -9.2798e-16 -0.0783925 -0.438537 0.40852 5.72933e-16
59 0.790527 7.88646e-16 -0.0789931 -0.34124 0.209473 -1.17843e-15
59.5 0.918561 -5.04428e-16 -0.0795925 -0.161141 0.0814392 1.01969e-16
60 0.944577 -1.14846e-15 -0.0801906 0.0578128 0.055423 7.6904e-16
60.5 0.862436 -5.1907e-16 -0.0807875 0.262307 0.137564 1.02556e-16
61 0.692311 -1.82724e-16 -0.0813832 0.402641 0.307689 -2.36708e-16
61.5 0.475732 -5.71268e-16 -0.0819778 0.444806 0.524268 1.15434e-16
62 0.265452 -1.47538e-16 -0.0825714 0.378728 0.734548 -2.48197e-16
62.5 0.112593 1.24414e-15 -0.0831639 0.220675 0.887407 -1.65351e-15
63 0.0542206 -4.42524e-17 -0.0837556 0.00924948 0.945779 -3.96568e-16
63.5 0.104357 -4.34563e-17 -0.0843463 -0.204038 0.895643 -3.77773e-16
64 0.250612 2.1403e-16 -0.084936 -0.367318 0.749388 -7.25536e-16
64.5 0.457243 -2.39447e-16 -0.0855247 -0.440977 0.542757 -2.84539e-16
65 0.673893 -5.92823e-17 -0.0861123 -0.407267 0.326107 -4.1251e-16
65.5 0.84786 1.41927e-16 -0.0866987 -0.274582 0.15214 -5.85776e-16
66 0.936918 1.19358e-16 -0.087284 -0.0753692 0.0630825 -6.22314e-16
66.5 0.919565 -6.80685e-16 -0.087868 0.141807 0.0804349 1.51039e-16
67 0.800217 -1.25215e-15 -0.0884508 0.324101 0.199783 7.58054e-16
67.5 0.608083 2.77078e-16 -0.0890324 0.427248 0.391917 -7.77982e-16
68 0.390018 -2.93087e-16 -0.0896131 0.426311 0.609982 -2.55455e-16
68.5 0.199097 -7.67452e-16 -0.0901927 0.321708 0.800903 2.01038e-16
69 0.0816978 -7.76633e-17 -0.0907713 0.139066 0.918302 -4.79237e-16
69.5 0.0662334 -4.68144e-16 -0.0913491 -0.0770587 0.933767 -1.33731e-16
70 0.156278 2.50086e-16 -0.091926 -0.274049 0.843722 -7.8827e-16
70.5 0.329741 -3.44766e-16 -0.0925019 -0.404037 0.670259 -2.35755e-16
71 0.54429 -1.01705e-15 -0.0930767 -0.435535 0.45571 4.30511e-16
71.5 0.747675 -5.17042e-17 -0.0936505 -0.361065 0.252325 -5.71676e-16
72 0.890459 -1.13469e-16 -0.0942231 -0.198931 0.109541 -4.89118e-16
72.5 0.938032 -9.40288e-16 -0.0947945 0.011282 0.0619677 2.72901e-16
73 0.879001 -2.10888e-16 -0.0953647 0.218366 0.120999 -3.9037e-16
73.5 0.727914 9.01979e-17 -0.0959337 0.37197 0.272086 -6.78822e-16
74 0.521682 4.98883e-16 -0.0965017 0.434839 0.478318 -1.13391e-15
74.5 0.310555 -2.67115e-16 -0.0970687 0.391851 0.689445 -3.25685e-16
75 0.145883 -5.40285e-16 -0.0976347 0.253655 0.854117 -1.15408e-16
75.5 0.0676243 -4.45325e-16 -0.0981998 0.0540294 0.932376 -1.90262e-16
76 0.0946515 -8.65444e-16 -0.0987641 -0.158369 0.905348 2.61934e-16
76.5 0.220199 -7.28485e-16 -0.0993274 -0.331867 0.779801 1.22165e-16
77 0.413557 -3.48128e-16 -0.0998898 -0.424345 0.586443 -2.9091e-16
77.5 0.627581 9.16055e-17 -0.100451 -0.413465 0.372419 -7.50683e-16
78 0.810189 -1.06445e-15 -0.101011 -0.302061 0.189811 3.86268e-16
78.5 0.917032 -1.3635e-15 -0.10157 -0.117408 0.0829679 6.86439e-16
79 0.922268 -4.29441e-16 -0.102128 0.0954577 0.0777317 -1.87151e-16
79.5 0.82481 -5.1782e-16 -0.102685 0.28472 0.17519 -1.71396e-16
80 0.648546 -2.33982e-16 -0.103241 0.4044 0.351454 -3.97354e-16
80.5 0.436482 -9.08288e-17 -0.103795 0.42552 0.563518 -5.82038e-16
81 0.240252 -4.50482e-16 -0.104349 0.343127 0.759748 -3.01493e-16
81.5 0.107546 -4.74981e-16 -0.104902 0.177446 0.892454 -2.59345e-16
82 0.0705171 1.74137e-16 -0.105454 -0.0310827 0.929483 -9.47599e-16
82.5 0.137995 -6.92595e-16 -0.106005 -0.23167 0.862005 -3.56493e-17
83 0.29338 -6.14503e-17 -0.106555 -0.375554 0.70662 -7.05521e-16
83.5 0.498724 -1.98239e-16 -0.107104 -0.42785 0.501276 -5.83013e-16
84 0.704002 -1.21719e-17 -0.107652 -0.376008 0.295998 -7.82703e-16
84.5 0.859296 1.36022e-16 -0.108199 -0.232825 0.140704 -9.30446e-16
85 0.926935 -1.78788e-16 -0.108745 -0.0332884 0.0730653 -6.13267e-16
85.5 0.89063 3.39138e-17 -0.10929 0.173978 0.10937 -8.76559e-16
86 0.759401 -2.32445e-16 -0.109833 0.338557 0.240599 -5.62622e-16
86.5 0.565332 -7.99172e-16 -0.110376 0.420507 0.434668 -2.78496e-17
87 0.355733 -3.98486e-16 -0.110917 0.400051 0.644267 -4.34404e-16
87.5 0.181599 -9.87122e-16 -0.111458 0.28235 0.818401 1.65688e-16
88 0.0852108 -2.09777e-15 -0.111998 0.0962048 0.914789 1.24346e-15
88.5 0.0898652 -1.4662e-15 -0.112537 -0.112994 0.910135 5.88046e-16
89 0.194245 -7.90626e-16 -0.113075 -0.294332 0.805755 -3.84925e-17
89.5 0.372785 -1.08212e-15 -0.113612 -0.403764 0.627215 2.94641e-16
90 0.581933 1.4848e-16 -0.114148 -0.414811 0.418067 -1.00596e-15
90.5 0.770774 -3.66658e-16 -0.114683 -0.324967 0.229226 -5.06181e-16
91 0.893424 7.95547e-17 -0.115218 -0.156263 0.106576 -9.50475e-16
91.5 0.920179 -8.34279e-16 -0.11575 0.0501298 0.0798213 -5.88037e-17
92 0.844708 -2.86295e-16 -0.116282 0.243955 0.155292 -5.60778e-16
92.5 0.685552 -2.20142e-17 -0.116813 0.378101 0.314448 -8.70892e-16
93 0.481566 -1.01549e-17 -0.117343 0.420057 0.518434 -8.6285e-16
93.5 0.282436 -2.42308e-16 -0.117872 0.35979 0.717564 -6.8454e-16
94 0.136577 3.2838e-16 -0.1184 0.212142 0.863423 -1.19107e-15
94.5 0.0793602 -2.30554e-16 -0.118927 0.0131768 0.92064 -7.32134e-16
95 0.124537 1.08129e-16 -0.119453 -0.188628 0.875463 -1.0793e-15
95.5 0.260933 -1.14414e-16 -0.119979 -0.344194 0.739067 -8.3618e-16
96 0.455214 3.7916e-16 -0.120503 -0.415775 0.544786 -1.38967e-15
96.5 0.66003 6.08976e-17 -0.121027 -0.38612 0.33997 -1.03569e-15
97 0.825556 -7.22666e-17 -0.121549 -0.262626 0.174444 -8.72542e-16
97.5 0.911611 -1.02024e-15 -0.122071 -0.0754933 0.0883888 8.1484e-17
98 0.897416 -7.34785e-16 -0.122591 0.129654 0.102584 -2.26805e-16
98.5 0.786606 -8.1626e-16 -0.123111 0.302897 0.213394 -1.91636e-16
99 0.606304 -9.66561e-16 -0.123629 0.402166 0.393696 -2.18706e-17
99.5 0.400482 -2.57432e-16 -0.124146 0.403457 0.599518 -6.90697e-16
100 0.219237 -1.62018e-16 -0.124663 0.306636 0.780763 -8.70618e-16
