0 0 0 0 0 1 0
0.5 0.0155438 0 -0.000749674 -0.122225 0.984456 0
1 0.0608432 1.35525e-20 -0.00151156 -0.236558 0.939157 -4.06576e-20
1.5 0.133021 5.42101e-20 -0.00227461 -0.336131 0.866979 -1.25996e-19
2 0.22759 1.76183e-19 -0.00303613 -0.414917 0.77241 -2.32934e-19
2.5 0.33871 2.98156e-19 -0.00379605 -0.468145 0.66129 -4.94244e-19
3 0.459545 5.42101e-19 -0.0045548 -0.492612 0.540455 -7.62118e-19
3.5 0.582677 1.20617e-18 -0.00531239 -0.486876 0.417323 -1.74023e-18
4 0.700562 2.08709e-18 -0.00606872 -0.451344 0.299438 -2.64613e-18
4.5 0.805991 -6.62719e-18 -0.00682387 -0.388243 0.194009 6.42157e-18
5 0.892532 1.81468e-17 -0.00757799 -0.301484 0.107468 -1.87944e-17
5.5 0.954917 -1.60326e-17 -0.00833095 -0.196417 0.0450826 1.51015e-17
6 0.98937 1.46772e-17 -0.00908276 -0.0794998 0.0106305 -1.53391e-17
6.5 0.993825 -2.75531e-17 -0.00983342 0.0420955 0.0061752 2.61934e-17
7 0.968058 1.29395e-17 -0.0105829 0.160921 0.0319416 -1.44438e-17
7.5 0.913695 -3.46067e-17 -0.0113313 0.269712 0.086305 3.22632e-17
8 0.834106 2.90279e-17 -0.0120785 0.361827 0.165894 -3.25078e-17
8.5 0.734202 -1.18562e-17 -0.0128245 0.431657 0.265798 9.10002e-18
9 0.620128 6.66738e-18 -0.0135694 0.474965 0.379872 -9.19777e-18
9.5 0.498885 1.73799e-17 -0.0143131 0.489143 0.501115 -2.07329e-17
10 0.377904 -1.18909e-18 -0.0150556 0.47337 0.622096 -3.82484e-18
10.5 0.264586 1.74288e-17 -0.0157969 0.42866 0.735414 -2.15842e-17
11 0.165852 2.42243e-17 -0.0165371 0.357793 0.834148 -2.91301e-17
11.5 0.0877208 9.21945e-18 -0.017276 0.265148 0.912279 -1.21341e-17
12 0.0349389 9.16715e-18 -0.0180137 0.156427 0.965061 -1.34494e-17
12.5 0.0106958 -9.54273e-18 -0.0187501 0.0383091 0.989304 5.67573e-18
13 0.0164292 1.62006e-17 -0.0194854 -0.081965 0.983571 -2.53334e-17
13.5 0.0517407 -7.58163e-17 -0.0202195 -0.197032 0.948259 6.92283e-17
14 0.114423 2.5583e-17 -0.0209523 -0.299861 0.885577 -3.25795e-17
14.5 0.200596 1.41937e-18 -0.021684 -0.384179 0.799404 -9.16207e-18
15 0.304951 3.34054e-17 -0.0224144 -0.444856 0.695049 -4.52065e-17
15.5 0.421074 -5.1694e-17 -0.0231438 -0.478219 0.578926 4.06403e-17
16 0.541841 -9.71658e-18 -0.0238719 -0.482268 0.458159 -2.69876e-18
16.5 0.659855 -2.02199e-17 -0.0245989 -0.456804 0.340145 9.80201e-18
17 0.767901 8.08925e-18 -0.0253248 -0.403431 0.232099 -2.12551e-17
17.5 0.859383 8.85784e-18 -0.0260495 -0.325459 0.140617 -2.40518e-17
18 0.92873 4.12664e-17 -0.0267731 -0.227698 0.0712697 -5.67286e-17
18.5 0.971735 -3.47501e-17 -0.0274956 -0.116161 0.0282645 1.61889e-17
19 0.985809 7.18974e-18 -0.028217 0.00230508 0.0141909 -2.63002e-17
19.5 0.970136 -4.19771e-18 -0.0289373 0.120442 0.0298638 -1.42336e-17
20 0.925723 1.13317e-17 -0.0296565 0.231021 0.0742769 -3.01933e-17
20.5 0.855333 -2.25704e-17 -0.0303746 0.327288 0.144667 3.91716e-18
21 0.763314 -4.47485e-17 -0.0310916 0.403378 0.236686 2.5241e-17
21.5 0.655331 -1.42635e-18 -0.0318075 0.454665 0.344669 -2.34067e-17
22 0.538016 -7.96332e-18 -0.0325222 0.478053 0.461984 -1.28499e-17
22.5 0.418562 8.04486e-18 -0.0332358 0.472153 0.581438 -3.07262e-17
23 0.304281 -2.01683e-17 -0.0339483 0.437374 0.695719 -3.53361e-18
23.5 0.202158 2.4057e-17 -0.0346596 0.37589 0.797842 -4.7417e-17
24 0.11842 8.04459e-17 -0.0353697 0.291506 0.88158 -1.03748e-16
24.5 0.0581629 4.98879e-18 -0.0360787 0.18942 0.941837 -2.59768e-17
25 0.0250354 1.3632e-17 -0.0367865 0.0759066 0.974965 -3.84724e-17
25.5 0.0210213 7.6032e-17 -0.0374932 -0.0420697 0.978979 -1.04738e-16
26 0.0463198 -5.24004e-17 -0.0381986 -0.157284 0.95368 2.18824e-17
26.5 0.0993363 1.14505e-16 -0.038903 -0.262691 0.900664 -1.46936e-16
27 0.176783 6.2836e-17 -0.0396061 -0.351858 0.823217 -9.55387e-17
27.5 0.273882 1.07277e-17 -0.0403082 -0.419354 0.726118 -4.50632e-17
28 0.384661 6.31174e-18 -0.041009 -0.461085 0.615339 -4.42173e-17
28.5 0.502321 -5.14592e-17 -0.0417088 -0.474537 0.497679 1.14687e-17
29 0.619651 -5.46051e-17 -0.0424075 -0.458934 0.380349 1.6075e-17
29.5 0.729474 6.71507e-17 -0.0431051 -0.415276 0.270526 -1.0945e-16
30 0.825081 2.23417e-19 -0.0438016 -0.346279 0.174919 -4.15335e-17
30.5 0.900646 -4.93275e-17 -0.044497 -0.256205 0.0993541 5.42392e-18
31 0.951577 -6.67844e-17 -0.0451914 -0.150598 0.0484232 2.61982e-17
31.5 0.974797 -1.0938e-16 -0.0458847 -0.0359458 0.025203 6.43876e-17
32 0.96893 -9.21252e-17 -0.0465769 0.0807234 0.0310701 4.38676e-17
32.5 0.934381 -1.05214e-16 -0.0472681 0.192268 0.0656193 5.4654e-17
33 0.873309 -2.63201e-17 -0.0479582 0.29187 0.126691 -1.81511e-17
33.5 0.789494 -7.48742e-17 -0.0486473 0.373456 0.210506 2.88487e-17
34 0.6881 4.40261e-17 -0.0493352 0.432062 0.3119 -9.3259e-17
34.5 0.575358 -4.69223e-17 -0.0500222 0.464139 0.424642 -3.93285e-18
35 0.458186 -3.28679e-17 -0.050708 0.467767 0.541814 -1.77542e-17
35.5 0.343758 6.44639e-17 -0.0513927 0.442768 0.656242 -1.15397e-16
36 0.239073 -1.69106e-17 -0.0520763 0.390719 0.760927 -4.65884e-17
36.5 0.150519 -2.7137e-17 -0.0527588 0.314847 0.849481 -4.22355e-17
37 0.0834892 2.76859e-17 -0.0534402 0.219832 0.916511 -8.93006e-17
37.5 0.0420503 2.6953e-18 -0.0541204 0.111518 0.95795 -7.44172e-17
38 0.0286969 -3.61891e-17 -0.0547996 -0.00344722 0.971303 -3.85547e-17
38.5 0.0442015 2.9821e-17 -0.0554776 -0.118018 0.955799 -1.02914e-16
39 0.0875692 2.90294e-17 -0.0561545 -0.225185 0.912431 -1.00839e-16
39.5 0.156102 -7.7622e-17 -0.0568303 -0.318403 0.843898 -7.50157e-18
40 0.245568 -3.86262e-18 -0.0575049 -0.391992 0.754432 -7.62124e-17
40.5 0.350458 7.07366e-17 -0.0581785 -0.441479 0.649542 -1.50995e-16
41 0.46433 -5.93751e-17 -0.0588511 -0.463876 0.53567 -2.58237e-17
41.5 0.580204 -3.03093e-18 -0.0595225 -0.457855 0.419796 -7.64019e-17
42 0.690986 1.95002e-17 -0.0601929 -0.423829 0.309014 -1.11395e-16
42.5 0.789905 -9.14274e-18 -0.0608623 -0.363926 0.210095 -8.43309e-17
43 0.87093 -2.13324e-17 -0.0615306 -0.281852 0.12907 -7.64845e-17
43.5 0.92913 -6.30117e-17 -0.0621979 -0.182663 0.0708703 -3.02711e-17
44 0.960981 -2.74816e-17 -0.0628642 -0.0724567 0.0390192 -6.28249e-17
44.5 0.964576 -5.1745e-17 -0.0635295 0.0420077 0.035424 -3.71702e-17
45 0.939741 -3.083e-18 -0.0641937 0.153719 0.0602594 -8.52674e-17
45.5 0.888039 -1.12201e-16 -0.064857 0.255848 0.111961 2.25854e-17
46 0.812678 -1.31036e-16 -0.0655192 0.342159 0.187322 3.15874e-17
46.5 0.718306 8.78909e-17 -0.0661804 0.407399 0.281694 -1.81346e-16
47 0.610728 1.71558e-16 -0.0668405 0.447607 0.389272 -2.70814e-16
47.5 0.496546 -2.74744e-17 -0.0674996 0.460365 0.503454 -7.77648e-17
48 0.382757 -1.24992e-16 -0.0681577 0.444935 0.617243 2.06881e-17
48.5 0.276323 1.73041e-16 -0.0688147 0.402307 0.723677 -2.74492e-16
49 0.183744 -7.5318e-19 -0.0694706 0.335131 0.816256 -1.02949e-16
49.5 0.110663 -7.74243e-17 -0.0701254 0.247558 0.889337 -3.91758e-17
50 0.06152 -2.06108e-17 -0.0707792 0.144977 0.93848 -9.46115e-17
50.5 0.0392834 1.58426e-16 -0.0714319 0.0336892 0.960717 -2.73038e-16
51 0.0452712 5.89812e-17 -0.0720835 -0.0794824 0.954729 -1.70873e-16
51.5 0.0790718 -3.8788e-17 -0.0727341 -0.18761 0.920928 -8.34958e-17
52 0.138573 -3.30064e-16 -0.0733836 -0.284087 0.861427 2.14568e-16
52.5 0.220093 -1.86465e-17 -0.074032 -0.363029 0.779907 -9.80325e-17
53 0.31861 1.23634e-16 -0.0746793 -0.419632 0.68139 -2.39968e-16
53.5 0.428067 -1.73011e-16 -0.0753257 -0.450471 0.571933 5.37024e-17
54 0.541752 9.50106e-17 -0.075971 -0.453698 0.458248 -2.09488e-16
54.5 0.652701 -7.58265e-17 -0.0766153 -0.429161 0.347299 -5.51649e-17
55 0.75413 -1.72952e-16 -0.0772585 -0.378405 0.24587 4.15871e-17
55.5 0.839848 -5.49179e-17 -0.0779008 -0.304577 0.160152 -7.56417e-17
56 0.904636 -1.22446e-16 -0.0785421 -0.212231 0.0953636 -1.7012e-17
56.5 0.944564 5.12034e-17 -0.0791824 -0.107047 0.055436 -2.09076e-16
57 0.957227 -8.03798e-17 -0.0798218 0.00451905 0.0427726 -7.76948e-17
57.5 0.941895 -4.02025e-17 -0.0804602 0.115631 0.0581047 -1.08916e-16
58 0.89955 -1.38753e-16 -0.0810976 0.21949 0.10045 -3.82485e-18
58.5 0.832826 -1.86534e-17 -0.081734 0.309755 0.167174 -1.20561e-16
59 0.745845 -1.30932e-16 -0.0823694 0.380924 0.254155 -5.81839e-18
59.5 0.64396 6.90596e-17 -0.0830038 0.428672 0.35604 -2.14628e-16
60 0.53343 -3.25859e-16 -0.0836373 0.450116 0.46657 1.69947e-16
60.5 0.42103 -1.98777e-17 -0.0842697 0.443986 0.57897 -1.35924e-16
61 0.313641 -2.65468e-16 -0.0849011 0.4107 0.686359 1.13101e-16
61.5 0.217825 6.14158e-17 -0.0855315 0.352339 0.782175 -2.20984e-16
62 0.139427 -1.35599e-16 -0.0861609 0.272513 0.860573 -2.77678e-17
62.5 0.0832159 -3.59868e-17 -0.0867892 0.176141 0.916784 -1.38155e-16
63 0.0525948 2.02455e-17 -0.0874165 0.0691445 0.947405 -1.89372e-16
63.5 0.049397 2.78944e-17 -0.0880427 -0.0419116 0.950603 -1.98523e-16
64 0.0737742 -3.2122e-17 -0.088668 -0.150226 0.926226 -1.49695e-16
64.5 0.124191 1.40142e-16 -0.0892922 -0.249177 0.875809 -3.13888e-16
65 0.197522 -1.42181e-16 -0.0899153 -0.332724 0.802478 -3.74627e-17
65.5 0.289242 -2.73127e-17 -0.0905375 -0.395781 0.710758 -1.63034e-16
66 0.393712 -3.90851e-17 -0.0911586 -0.434521 0.606288 -1.50695e-16
66.5 0.504518 -2.10431e-16 -0.0917788 -0.446613 0.495482 3.3354e-17
67 0.614872 -1.85142e-18 -0.092398 -0.43136 0.385128 -1.91476e-16
67.5 0.718021 -2.21755e-16 -0.0930162 -0.389739 0.281979 2.37172e-17
68 0.807666 -1.62428e-16 -0.0936335 -0.324338 0.192334 -2.36293e-17
68.5 0.878344 8.427e-17 -0.0942498 -0.239197 0.121656 -2.74183e-16
69 0.92576 5.8611e-17 -0.0948651 -0.139556 0.0742397 -2.51111e-16
69.5 0.947051 -3.9885e-17 -0.0954796 -0.0315351 0.0529489 -1.64531e-16
70 0.940955 -1.76497e-16 -0.0960931 0.078243 0.0590448 -2.92439e-17
70.5 0.907889 -1.03187e-16 -0.0967056 0.183059 0.0921106 -9.47229e-17
71 0.84992 -7.14906e-17 -0.0973173 0.276507 0.15008 -1.34885e-16
71.5 0.770632 -4.14284e-17 -0.0979279 0.352889 0.229368 -1.60654e-16
72 0.674913 -7.02477e-17 -0.0985377 0.407557 0.325087 -1.36061e-16
72.5 0.568644 -3.15837e-16 -0.0991464 0.437202 0.431356 1.00848e-16
73 0.458345 3.5253e-17 -0.0997542 0.44005 0.541655 -2.41965e-16
73.5 0.35077 -2.82933e-17 -0.100361 0.415968 0.64923 -1.72593e-16
74 0.252497 -1.12666e-16 -0.100967 0.366474 0.747503 -1.08778e-16
74.5 0.169524 -6.85715e-17 -0.101572 0.294637 0.830476 -1.44004e-16
75 0.106903 -6.61215e-17 -0.102176 0.204886 0.893097 -1.50986e-16
75.5 0.068434 -9.48267e-17 -0.102779 0.102743 0.931566 -1.2639e-16
76 0.0564313 -1.44361e-16 -0.10338 -0.00552388 0.943569 -7.78597e-17
76.5 0.0715874 -6.52977e-18 -0.103981 -0.11328 0.928413 -2.23131e-16
77 0.112932 6.01653e-17 -0.104581 -0.213934 0.887068 -2.84023e-16
77.5 0.177893 2.2765e-17 -0.10518 -0.301338 0.822107 -2.45956e-16
78 0.262458 -1.41228e-16 -0.105778 -0.370165 0.737542 -1.00769e-16
78.5 0.361423 1.05398e-17 -0.106375 -0.416234 0.638577 -2.41703e-16
79 0.468709 -5.62267e-17 -0.106971 -0.436762 0.531291 -1.71758e-16
79.5 0.577739 -1.62959e-16 -0.107566 -0.430535 0.422261 -7.88284e-17
80 0.681838 -1.1011e-16 -0.10816 -0.397975 0.318162 -1.27849e-16
80.5 0.774646 -6.42399e-17 -0.108753 -0.341117 0.225354 -1.78523e-16
81 0.850501 -3.74632e-17 -0.109346 -0.263479 0.149499 -2.10468e-16
81.5 0.904791 2.39963e-17 -0.109937 -0.169843 0.0952091 -2.70168e-16
82 0.934227 -2.52854e-16 -0.110528 -0.0659651 0.0657731 -4.41897e-18
82.5 0.937048 -7.70331e-17 -0.111117 0.0417836 0.0629522 -1.90186e-16
83 0.913124 -2.78837e-17 -0.111706 0.146804 0.0868763 -2.2788e-16
83.5 0.863961 1.35722e-16 -0.112294 0.242675 0.136039 -4.0213e-16
84 0.792607 4.94374e-17 -0.112881 0.323545 0.207393 -3.17527e-16
84.5 0.703464 -8.53721e-17 -0.113466 0.38449 0.296536 -1.88689e-16
85 0.602015 -2.9481e-16 -0.114052 0.421814 0.397985 4.07084e-17
85.5 0.494485 -3.59597e-17 -0.114636 0.433269 0.505515 -2.33507e-16
86 0.387464 2.69776e-16 -0.115219 0.418196 0.612536 -5.47811e-16
86.5 0.287499 -6.28736e-17 -0.115801 0.37756 0.712501 -2.11539e-16
87 0.200695 -7.45247e-17 -0.116382 0.313888 0.799305 -2.09716e-16
87.5 0.132343 -1.57253e-16 -0.116963 0.231113 0.867657 -1.29233e-16
88 0.0865941 -2.26004e-16 -0.117542 0.134328 0.913406 -5.58507e-17
88.5 0.0662126 -2.87719e-16 -0.118121 0.0294793 0.933787 2.11381e-17
89 0.0724047 5.13304e-17 -0.118698 -0.0770063 0.927595 -3.23084e-16
89.5 0.104749 -1.71038e-17 -0.119275 -0.178611 0.895251 -2.77914e-16
90 0.161226 -1.25344e-16 -0.11985 -0.269125 0.838774 -1.64871e-16
90.5 0.23834 -1.03876e-18 -0.120425 -0.343028 0.76166 -2.99485e-16
91 0.331341 3.68718e-18 -0.120999 -0.395826 0.668659 -3.01933e-16
91.5 0.434513 -1.30222e-16 -0.121571 -0.424321 0.565487 -1.76416e-16
92 0.541528 -3.16201e-17 -0.122143 -0.426809 0.458472 -2.71858e-16
92.5 0.645831 -3.1636e-16 -0.122714 -0.403178 0.354169 1.10334e-17
93 0.741045 -1.44837e-16 -0.123284 -0.354917 0.258955 -1.83314e-16
93.5 0.821359 1.46266e-17 -0.123854 -0.285017 0.178641 -3.42992e-16
94 0.881883 -8.09926e-17 -0.124422 -0.19779 0.118117 -2.50783e-16
94.5 0.918946 -5.52318e-17 -0.124989 -0.0986001 0.0810543 -2.66887e-16
95 0.930316 -7.99358e-17 -0.125556 0.00646457 0.0696843 -2.31385e-16
95.5 0.915339 -2.26118e-16 -0.126122 0.110966 0.0846611 -8.0091e-17
96 0.874974 2.31165e-17 -0.126687 0.208512 0.125026 -3.39332e-16
96.5 0.81173 -4.51487e-17 -0.127251 0.293144 0.18827 -2.67187e-16
97 0.729514 -2.62833e-16 -0.127814 0.359706 0.270486 -4.70775e-17
97.5 0.633386 -2.82881e-16 -0.128376 0.404153 0.366614 -3.54091e-17
98 0.52925 -3.09988e-16 -0.128938 0.423801 0.47075 -2.22789e-17
98.5 0.423491 -1.58455e-16 -0.129498 0.417488 0.576509 -1.627e-16
99 0.322581 -2.68794e-16 -0.130058 0.385641 0.677419 -6.59794e-17
99.5 0.232688 -4.15519e-16 -0.130616 0.330249 0.767312 6.2916e-17
100 0.159293 -1.61399e-16 -0.131174 0.254739 0.840707 -1.80502e-16
