0 0 0 0 0 1 0
0.5 0.0155438 0 -0.0018407 -0.120033 0.984456 0
1 0.060301 2.71051e-20 -0.00370289 -0.231885 0.939699 -8.13152e-20
1.5 0.13134 1.0842e-19 -0.00556235 -0.329193 0.86866 -2.98156e-19
2 0.224244 2.43945e-19 -0.00741344 -0.406299 0.775756 -6.45016e-19
2.5 0.333336 6.50521e-19 -0.00925639 -0.458724 0.666664 -1.01729e-18
3 0.452008 7.58942e-19 -0.0110924 -0.483464 0.547992 -1.5416e-18
3.5 0.573111 -3.79471e-19 -0.0129217 -0.479174 0.426889 -5.90805e-19
4 0.689387 8.40257e-18 -0.0147438 -0.446243 0.310613 -9.55877e-18
4.5 0.793902 1.30375e-17 -0.0165591 -0.386767 0.206098 -1.46638e-17
5 0.880453 6.66513e-17 -0.0183677 -0.304415 0.119547 -6.93123e-17
5.5 0.943939 2.51264e-17 -0.0201693 -0.204208 0.0560609 -2.74062e-17
6 0.98066 -6.61096e-17 -0.021964 -0.0921995 0.0193401 6.25589e-17
6.5 0.988528 -1.29858e-17 -0.0237518 0.0248727 0.0114721 9.18224e-18
7 0.967187 1.45475e-17 -0.0255326 0.139997 0.0328128 -1.87258e-17
7.5 0.918028 3.83895e-17 -0.0273066 0.246305 0.0819723 -4.18229e-17
8 0.844095 4.11846e-18 -0.0290737 0.337482 0.155905 -8.01962e-18
8.5 0.749904 1.42931e-17 -0.030834 0.408142 0.250096 -2.2599e-17
9 0.641159 -4.79701e-17 -0.0325874 0.454147 0.358841 4.06639e-17
9.5 0.524413 -5.1486e-17 -0.034334 0.472846 0.475587 4.19949e-17
10 0.40667 5.72986e-17 -0.0360737 0.46323 0.59333 -6.64804e-17
10.5 0.294967 2.42436e-17 -0.0378066 0.425985 0.705033 -3.20175e-17
11 0.195951 6.83652e-17 -0.0395327 0.363445 0.804049 -8.07743e-17
11.5 0.115485 9.25891e-18 -0.0412519 0.279445 0.884515 -1.97966e-17
12 0.0583028 -3.46176e-18 -0.0429643 0.179087 0.941697 -8.32641e-18
12.5 0.0277272 5.53704e-17 -0.0446699 0.0684298 0.972273 -6.97826e-17
13 0.0254792 1.27101e-17 -0.0463687 -0.0458775 0.974521 -3.0049e-17
13.5 0.0515812 1.20546e-16 -0.0480607 -0.156993 0.948419 -1.34955e-16
14 0.104362 2.06651e-17 -0.049746 -0.258293 0.895638 -3.93914e-17
14.5 0.180564 1.22861e-16 -0.0514247 -0.343766 0.819436 -1.40312e-16
15 0.275544 8.4093e-17 -0.0530967 -0.40837 0.724456 -1.0642e-16
15.5 0.383554 4.57679e-17 -0.0547622 -0.448328 0.616446 -6.94853e-17
16 0.498092 1.52516e-17 -0.0564211 -0.461352 0.501908 -3.77207e-17
16.5 0.612292 5.54096e-18 -0.0580735 -0.446769 0.387708 -2.98492e-17
17 0.719333 -2.45928e-18 -0.0597195 -0.405561 0.280667 -1.9552e-17
17.5 0.812852 3.63136e-17 -0.0613591 -0.340293 0.187148 -6.19884e-17
18 0.887316 -9.07052e-18 -0.0629924 -0.254959 0.112684 -2.16602e-17
18.5 0.938353 2.00889e-17 -0.0646193 -0.154735 0.0616466 -4.45551e-17
19 0.963008 -1.04004e-18 -0.06624 -0.0456643 0.036992 -3.02216e-17
19.5 0.959912 -6.3811e-17 -0.0678545 0.0657022 0.0400883 3.55032e-17
20 0.929359 3.50038e-18 -0.0694627 0.172705 0.0706408 -3.38637e-17
20.5 0.873284 -7.75288e-17 -0.0710647 0.268969 0.126716 3.94093e-17
21 0.795135 -4.402e-17 -0.0726605 0.348789 0.204865 5.87492e-18
21.5 0.699668 -4.26392e-17 -0.0742501 0.407462 0.300332 -9.20055e-19
22 0.592653 -5.00331e-19 -0.0758336 0.441568 0.407347 -3.67721e-17
22.5 0.480527 -5.55138e-17 -0.0774108 0.449165 0.519473 1.16454e-17
23 0.370007 1.28884e-16 -0.0789818 0.429906 0.629993 -1.8555e-16
23.5 0.267688 1.20719e-16 -0.0805467 0.385046 0.732312 -1.68167e-16
24 0.179648 3.62454e-17 -0.0821054 0.317367 0.820352 -9.45011e-17
24.5 0.111089 1.37366e-16 -0.0836578 0.231 0.888911 -1.92491e-16
25 0.0660293 -4.94728e-17 -0.0852042 0.131178 0.933971 -1.64089e-17
25.5 0.0470665 -8.18747e-17 -0.0867443 0.0239152 0.952933 6.93676e-18
26 0.0552304 1.89399e-16 -0.0882784 -0.0843519 0.94477 -2.61408e-16
26.5 0.0899262 -2.84374e-16 -0.0898063 -0.187153 0.910074 2.15652e-16
27 0.148977 -1.61426e-16 -0.0913282 -0.278371 0.851023 8.96643e-17
27.5 0.228759 5.00767e-17 -0.092844 -0.352602 0.771241 -1.34037e-16
28 0.324427 4.89656e-18 -0.0943539 -0.40548 0.675573 -8.60083e-17
28.5 0.430202 7.41824e-17 -0.0958578 -0.433932 0.569798 -1.62798e-16
29 0.539728 1.53878e-16 -0.0973558 -0.436355 0.460272 -2.48642e-16
29.5 0.646449 -9.94643e-17 -0.098848 -0.412706 0.353551 1.34357e-17
30 0.744002 -2.36464e-18 -0.100334 -0.364502 0.255998 -7.72046e-17
30.5 0.826595 3.57282e-17 -0.101815 -0.294718 0.173405 -1.18676e-16
31 0.889357 -1.29114e-16 -0.10329 -0.207608 0.110643 3.22438e-17
31.5 0.928615 -9.61423e-17 -0.104759 -0.108442 0.0713845 1.64184e-18
32 0.94212 7.04835e-17 -0.106223 -0.00319148 0.0578802 -1.62668e-16
32.5 0.929165 3.07296e-17 -0.107681 0.101834 0.070835 -1.23283e-16
33 0.890629 2.74296e-17 -0.109133 0.200362 0.109371 -1.23416e-16
33.5 0.828915 -4.87314e-17 -0.11058 0.286534 0.171085 -4.72212e-17
34 0.7478 1.38783e-16 -0.112021 0.355252 0.2522 -2.45736e-16
34.5 0.652206 8.33797e-17 -0.113456 0.402482 0.347794 -2.03829e-16
35 0.547899 -1.76804e-16 -0.114886 0.425485 0.452101 5.22875e-17
35.5 0.441143 -8.59155e-18 -0.116311 0.422986 0.558857 -1.06033e-16
36 0.338324 5.54302e-17 -0.117729 0.395234 0.661676 -1.83419e-16
36.5 0.245568 -2.46572e-16 -0.119142 0.343985 0.754432 1.15574e-16
37 0.168374 -5.71158e-18 -0.12055 0.272394 0.831626 -1.14388e-16
37.5 0.111292 1.30008e-17 -0.121952 0.184817 0.888708 -1.457e-16
38 0.0776516 -2.7877e-16 -0.123348 0.0865484 0.922348 1.39169e-16
38.5 0.069369 -8.34966e-18 -0.124739 -0.0165016 0.930631 -1.24188e-16
39 0.0868389 1.25057e-16 -0.126124 -0.118159 0.913161 -2.58415e-16
39.5 0.128916 -2.49807e-16 -0.127504 -0.212357 0.871084 1.00345e-16
40 0.19299 -2.2899e-16 -0.128878 -0.293501 0.80701 7.61109e-17
40.5 0.275148 3.48763e-17 -0.130247 -0.356794 0.724852 -1.90521e-16
41 0.37041 -7.22749e-17 -0.13161 -0.398527 0.62959 -8.74631e-17
41.5 0.473036 -2.67688e-16 -0.132969 -0.416293 0.526964 1.06291e-16
42 0.576866 -6.57232e-17 -0.134321 -0.409125 0.423134 -8.6036e-17
42.5 0.675696 -3.71078e-17 -0.135669 -0.377551 0.324304 -1.4037e-16
43 0.763642 -4.48541e-17 -0.137011 -0.323552 0.236358 -1.24526e-16
43.5 0.835494 -8.19972e-17 -0.138348 -0.250442 0.164506 -9.8599e-17
44 0.887024 -6.3699e-17 -0.13968 -0.162663 0.112976 -1.10726e-16
44.5 0.915236 4.82056e-17 -0.141007 -0.0655152 0.0847642 -2.30652e-16
45 0.918536 -1.8346e-16 -0.142329 0.0351612 0.0814642 -1.01931e-17
45.5 0.896826 -1.87942e-16 -0.143645 0.13334 0.103174 -2.27037e-17
46 0.8515 5.25685e-16 -0.144957 0.223167 0.1485 -7.27939e-16
46.5 0.785361 -2.68253e-16 -0.146263 0.29931 0.214639 6.89321e-17
47 0.702439 5.31903e-16 -0.147565 0.357276 0.297561 -7.33071e-16
47.5 0.607755 6.50803e-18 -0.148861 0.393674 0.392245 -2.18611e-16
48 0.507008 2.12947e-16 -0.150152 0.406416 0.492992 -4.11597e-16
48.5 0.406241 2.23254e-16 -0.151438 0.394834 0.593759 -4.27616e-16
49 0.311473 3.9473e-16 -0.152719 0.359716 0.688527 -5.94857e-16
49.5 0.228338 2.50302e-16 -0.153996 0.303253 0.771662 -4.6839e-16
50 0.161758 -8.17122e-17 -0.155267 0.228901 0.838242 -1.41728e-16
50.5 0.115642 -2.58627e-18 -0.156533 0.141171 0.884358 -2.1785e-16
51 0.0926642 -4.23104e-16 -0.157793 0.0453567 0.907336 1.70392e-16
51.5 0.0941059 -4.27277e-16 -0.159049 -0.0527882 0.905894 1.53793e-16
52 0.119784 9.95477e-17 -0.1603 -0.147393 0.880216 -3.8718e-16
52.5 0.16807 -9.85178e-17 -0.161546 -0.23282 0.83193 -1.72949e-16
53 0.235989 -6.84887e-16 -0.162787 -0.304005 0.764011 4.04169e-16
53.5 0.319409 -1.11435e-18 -0.164023 -0.356751 0.680591 -2.99369e-16
54 0.413284 9.31173e-17 -0.165254 -0.387982 0.586716 -3.74227e-16
54.5 0.511968 -5.99847e-16 -0.166481 -0.395917 0.488032 3.22275e-16
55 0.609548 -2.23858e-16 -0.167702 -0.380174 0.390452 -6.28712e-17
55.5 0.700199 2.14831e-16 -0.168919 -0.341787 0.299801 -5.515e-16
56 0.778535 -5.98598e-16 -0.170131 -0.283139 0.221465 3.02281e-16
56.5 0.839925 -2.14826e-16 -0.171339 -0.207812 0.160075 -9.85176e-17
57 0.880771 1.30562e-17 -0.172541 -0.12037 0.119229 -3.44976e-16
57.5 0.898714 3.79734e-16 -0.17374 -0.026085 0.101286 -7.41486e-16
58 0.892773 1.56514e-16 -0.174933 0.0693855 0.107227 -4.94848e-16
58.5 0.863396 -3.23426e-16 -0.176122 0.160335 0.136604 -1.9118e-17
59 0.812431 1.36818e-16 -0.177307 0.241348 0.187569 -4.72224e-16
59.5 0.743008 -3.4575e-18 -0.178486 0.307627 0.256992 -3.21866e-16
60 0.659345 3.00002e-16 -0.179662 0.355271 0.340655 -6.48019e-16
60.5 0.566496 -1.11539e-16 -0.180832 0.381508 0.433504 -2.24994e-16
61 0.470042 1.46125e-16 -0.181998 0.384855 0.529958 -5.21884e-16
61.5 0.375759 1.47647e-17 -0.18316 0.365204 0.624241 -3.51761e-16
62 0.289269 -3.35555e-16 -0.184317 0.323817 0.710731 -3.98843e-17
62.5 0.215706 4.32729e-18 -0.185469 0.263255 0.784294 -3.70945e-16
63 0.159414 -1.69342e-17 -0.186617 0.187208 0.840586 -3.40537e-16
63.5 0.123686 5.18551e-17 -0.18776 0.100281 0.876314 -4.34491e-16
64 0.110574 -9.80292e-17 -0.188899 0.007708 0.889426 -2.74527e-16
64.5 0.120774 1.33844e-16 -0.190033 -0.0849597 0.879226 -5.22277e-16
65 0.153582 -2.3438e-16 -0.191162 -0.172187 0.846418 -1.5859e-16
65.5 0.206951 -3.9416e-16 -0.192287 -0.248786 0.793049 2.09482e-17
66 0.277612 -6.10603e-17 -0.193408 -0.310223 0.722388 -3.37762e-16
66.5 0.361276 -1.40286e-16 -0.194524 -0.352889 0.638724 -2.75308e-16
67 0.452895 -5.07215e-16 -0.195636 -0.37431 0.547105 9.38185e-17
67.5 0.546965 -4.45277e-17 -0.196743 -0.37329 0.453035 -3.57357e-16
68 0.637858 -4.03687e-16 -0.197847 -0.34998 0.362142 -2.99605e-17
68.5 0.720159 1.46608e-17 -0.198945 -0.305859 0.279841 -4.18077e-16
69 0.788985 2.05988e-17 -0.20004 -0.243644 0.211015 -4.45257e-16
69.5 0.84028 -2.05739e-16 -0.20113 -0.167124 0.15972 -2.18185e-16
70 0.871049 -2.25611e-17 -0.202217 -0.0809243 0.128951 -4.1021e-16
70.5 0.879535 -3.49219e-16 -0.203299 0.00976794 0.120465 -5.91551e-17
71 0.865319 2.05424e-16 -0.204376 0.0995185 0.134681 -6.0945e-16
71.5 0.829341 -2.11478e-16 -0.20545 0.182971 0.170659 -2.09875e-16
72 0.773835 -2.12415e-16 -0.20652 0.255165 0.226165 -2.48538e-16
72.5 0.702193 1.85271e-16 -0.207585 0.311834 0.297807 -6.26778e-16
73 0.618759 -4.44141e-16 -0.208646 0.349655 0.381241 -1.53978e-18
73.5 0.528561 -9.18384e-17 -0.209704 0.366443 0.471439 -3.42436e-16
74 0.437014 -2.70606e-16 -0.210757 0.361278 0.562986 -1.89102e-16
74.5 0.34959 -5.36465e-18 -0.211806 0.334557 0.65041 -4.69885e-16
75 0.271495 1.41568e-16 -0.21285 0.287959 0.728505 -6.32384e-16
75.5 0.207357 -1.97241e-16 -0.213891 0.224347 0.792643 -2.68941e-16
76 0.16095 -2.65451e-16 -0.214927 0.147587 0.83905 -2.09074e-16
76.5 0.134976 1.86575e-16 -0.21596 0.0623156 0.865024 -6.60193e-16
77 0.130907 -2.53224e-16 -0.216988 -0.0263408 0.869093 -2.08012e-16
77.5 0.148898 -1.31039e-16 -0.218012 -0.113074 0.851102 -3.63528e-16
78 0.187788 -6.71368e-16 -0.219032 -0.19271 0.812212 1.75712e-16
78.5 0.245171 5.79456e-18 -0.220048 -0.260523 0.754829 -5.00709e-16
79 0.317547 -4.55822e-17 -0.22106 -0.312507 0.682453 -4.28708e-16
79.5 0.400535 1.94572e-16 -0.222068 -0.345622 0.599465 -7.05494e-16
80 0.489135 -6.81935e-17 -0.223072 -0.357963 0.510865 -4.41153e-16
80.5 0.578034 -1.81571e-16 -0.224072 -0.348876 0.421966 -3.3559e-16
81 0.661922 2.744e-16 -0.225068 -0.318988 0.338078 -8.16198e-16
81.5 0.735807 -1.54249e-18 -0.22606 -0.270166 0.264193 -5.51141e-16
82 0.795316 -1.83458e-16 -0.227049 -0.205401 0.204684 -3.59481e-16
82.5 0.836953 -1.91823e-16 -0.228033 -0.128625 0.163047 -3.40043e-16
83 0.8583 -4.60321e-16 -0.229014 -0.0444695 0.1417 -8.77708e-17
83.5 0.858163 -1.7331e-16 -0.229991 0.0420093 0.141837 -3.70983e-16
84 0.836635 -1.60153e-16 -0.230965 0.125637 0.163365 -3.84983e-16
84.5 0.795087 3.00637e-17 -0.231934 0.201431 0.204913 -5.9251e-16
85 0.736079 4.00406e-17 -0.2329 0.264895 0.263921 -6.14799e-16
85.5 0.663204 2.37267e-16 -0.233862 0.312287 0.336796 -8.11101e-16
86 0.580869 -1.76176e-16 -0.234821 0.34084 0.419131 -4.44704e-16
86.5 0.49403 8.67711e-17 -0.235775 0.348923 0.50597 -6.69848e-16
87 0.40789 -5.76775e-16 -0.236726 0.336135 0.59211 -7.57535e-18
87.5 0.327593 -2.90002e-16 -0.237673 0.303322 0.672407 -3.31659e-16
88 0.257909 -8.65313e-17 -0.238617 0.252522 0.742091 -5.52313e-16
88.5 0.202961 1.75669e-16 -0.239557 0.18684 0.797039 -8.36882e-16
89 0.16597 -1.62591e-16 -0.240492 0.110259 0.83403 -4.99123e-16
89.5 0.149075 -5.04456e-16 -0.241425 0.0273958 0.850925 -1.61693e-16
90 0.153207 -1.48933e-16 -0.242353 -0.0567767 0.846793 -5.59299e-16
90.5 0.178035 -4.04004e-16 -0.243278 -0.137226 0.821965 -2.90987e-16
91 0.221994 -4.23125e-16 -0.244199 -0.209161 0.778006 -2.72475e-16
91.5 0.282384 -1.88948e-16 -0.245116 -0.268319 0.717616 -5.22195e-16
92 0.355532 -7.0073e-16 -0.24603 -0.311219 0.644468 -3.32292e-18
92.5 0.43702 -3.06796e-16 -0.24694 -0.335361 0.56298 -3.91277e-16
93 0.521948 -2.83853e-16 -0.247847 -0.339378 0.478052 -4.42583e-16
93.5 0.605229 -2.91845e-16 -0.24875 -0.32311 0.394771 -4.5686e-16
94 0.681896 -6.77882e-16 -0.249649 -0.287608 0.318104 -1.20827e-16
94.5 0.747397 -2.4143e-16 -0.250546 -0.235068 0.252603 -5.36849e-16
95 0.797863 -4.42914e-16 -0.251438 -0.168697 0.202137 -3.44087e-16
95.5 0.830339 -6.89281e-16 -0.252327 -0.0925126 0.169661 -9.30967e-17
96 0.842958 2.91285e-17 -0.253213 -0.0111037 0.157042 -8.21517e-16
96.5 0.835043 -2.72267e-16 -0.254096 0.0706467 0.164957 -5.37885e-16
97 0.807149 -2.16102e-16 -0.254975 0.147855 0.192851 -6.01791e-16
97.5 0.761021 -5.83057e-16 -0.25585 0.215927 0.238979 -2.38247e-16
98 0.699485 -1.04028e-15 -0.256723 0.270834 0.300515 1.82057e-16
98.5 0.626278 -7.4995e-17 -0.257591 0.309348 0.373722 -7.57935e-16
99 0.545819 -8.45792e-17 -0.258457 0.329234 0.454181 -7.46918e-16
99.5 0.46294 -5.79845e-16 -0.259319 0.329378 0.53706 -2.51966e-16
100 0.382603 -7.9231e-17 -0.260178 0.309848 0.617397 -7.80338e-16
