0 0 0 0 0 1 0
0.5 0.0155438 0 -0.000377094 -0.122962 0.984456 0
1 0.0610256 6.77626e-21 -0.000760913 -0.238131 0.938974 -2.03288e-20
1.5 0.133587 4.06576e-20 -0.00114571 -0.338469 0.866413 -7.72918e-20
2 0.228716 9.48677e-20 -0.00153005 -0.417819 0.771284 -1.77242e-19
2.5 0.34052 2.50722e-19 -0.00191388 -0.471312 0.65948 -3.17955e-19
3 0.462082 3.32037e-19 -0.00229741 -0.495676 0.537918 -4.34528e-19
3.5 0.585893 5.14996e-19 -0.00268063 -0.489437 0.414107 -7.09284e-19
4 0.704312 -2.91379e-19 -0.0030635 -0.453006 0.295688 -1.34996e-19
4.5 0.810036 3.23905e-18 -0.00344607 -0.38866 0.189964 -3.52726e-18
5 0.896553 3.42879e-18 -0.00382842 -0.30039 0.103447 -3.73499e-18
5.5 0.958543 -4.39102e-18 -0.00421047 -0.193664 0.0414567 4.04299e-18
6 0.992201 -1.59988e-17 -0.00459214 -0.07508 0.00779851 1.5309e-17
6.5 0.995475 8.40924e-18 -0.0049734 0.048038 0.00452477 -9.21646e-18
7 0.968187 1.60534e-18 -0.00535428 0.168093 0.0318127 -2.54693e-18
7.5 0.912046 1.16604e-17 -0.00573476 0.277683 0.0879543 -1.2486e-17
8 0.830536 7.4027e-18 -0.00611488 0.370057 0.169464 -8.17592e-18
8.5 0.728707 -3.49384e-17 -0.00649463 0.439532 0.271293 3.31025e-17
9 0.612855 -5.61536e-18 -0.00687405 0.481842 0.387145 4.02296e-18
9.5 0.490137 1.23824e-19 -0.00725315 0.4944 0.509863 -1.94363e-18
10 0.368127 2.4508e-17 -0.00763196 0.476454 0.631873 -2.63713e-17
10.5 0.25435 -4.02174e-18 -0.00801049 0.429138 0.74565 1.60513e-18
11 0.155817 2.17656e-17 -0.00838876 0.355392 0.844183 -2.50741e-17
11.5 0.0785911 3.16662e-17 -0.00876679 0.259787 0.921409 -3.46069e-17
12 0.0274193 2.95825e-17 -0.00914459 0.148238 0.972581 -3.4027e-17
12.5 0.00543604 -2.94248e-17 -0.00952217 0.0276363 0.994564 2.54919e-17
13 0.0139735 3.02834e-17 -0.00989953 -0.0945714 0.986027 -3.53052e-17
13.5 0.0524802 -2.1523e-19 -0.0102767 -0.210847 0.94752 -2.47467e-18
14 0.118557 6.03604e-18 -0.0106536 -0.314023 0.881443 -9.8393e-18
14.5 0.208106 7.94603e-18 -0.0110302 -0.397748 0.791894 -1.16949e-17
15 0.315584 3.39141e-17 -0.0114066 -0.456873 0.684416 -3.93546e-17
15.5 0.43435 3.99355e-17 -0.0117827 -0.487772 0.56565 -4.48036e-17
16 0.557067 -1.30264e-17 -0.0121585 -0.488561 0.442933 7.2509e-18
16.5 0.676165 -1.28582e-17 -0.012534 -0.459218 0.323835 9.26942e-18
17 0.784301 -3.58362e-18 -0.0129091 -0.401575 0.215699 -1.03126e-18
17.5 0.874814 1.99998e-17 -0.0132838 -0.319212 0.125186 -2.36106e-17
18 0.942136 2.94928e-17 -0.0136582 -0.217229 0.0578637 -3.6222e-17
18.5 0.982135 -3.30044e-17 -0.0140322 -0.10193 0.0178655 2.64509e-17
19 0.992364 1.24889e-17 -0.0144058 0.0195611 0.00763592 -1.76802e-17
19.5 0.972218 2.69782e-17 -0.0147791 0.139747 0.0277818 -3.3456e-17
20 0.922964 4.08141e-17 -0.0151519 0.251216 0.0770359 -4.98755e-17
20.5 0.847663 2.90669e-17 -0.0155244 0.3471 0.152337 -3.49616e-17
21 0.750981 -7.4029e-18 -0.0158965 0.421498 0.249019 1.06721e-18
21.5 0.638899 5.80429e-17 -0.0162683 0.46984 0.361101 -6.52358e-17
22 0.518341 1.87487e-17 -0.0166397 0.489164 0.481659 -2.54022e-17
22.5 0.396749 -2.18391e-17 -0.0170109 0.478302 0.603251 1.45873e-17
23 0.281625 5.48709e-17 -0.0173818 0.43795 0.718375 -6.10941e-17
23.5 0.180064 1.90776e-18 -0.0177524 0.370619 0.819936 -1.11911e-17
24 0.0983168 -6.01585e-17 -0.0181228 0.280485 0.901683 5.08312e-17
24.5 0.041411 -3.11577e-17 -0.018493 0.173126 0.958589 2.18517e-17
25 0.0128355 -5.40045e-17 -0.018863 0.0551754 0.987165 4.26742e-17
25.5 0.0143296 5.41181e-17 -0.0192327 -0.0660817 0.98567 -6.38466e-17
26 0.0457768 -7.84441e-17 -0.0196022 -0.183164 0.954223 6.53959e-17
26.5 0.105213 3.53222e-17 -0.0199715 -0.288855 0.894787 -5.05641e-17
27 0.18895 -4.82284e-17 -0.0203406 -0.376644 0.81105 3.31894e-17
27.5 0.291803 -7.08803e-18 -0.0207094 -0.441131 0.708197 -6.60518e-18
28 0.407413 4.01248e-17 -0.0210779 -0.478359 0.592587 -5.30201e-17
28.5 0.528639 1.16613e-17 -0.0214462 -0.486053 0.471361 -2.92126e-17
29 0.648 1.379e-17 -0.0218141 -0.463763 0.352 -3.02197e-17
29.5 0.758136 -2.15806e-17 -0.0221817 -0.412888 0.241864 5.39579e-18
30 0.852261 1.35392e-17 -0.0225489 -0.336589 0.147739 -3.51062e-17
30.5 0.924584 -1.59526e-17 -0.0229158 -0.239593 0.0754161 -5.67025e-18
31 0.970661 -3.79748e-18 -0.0232823 -0.127899 0.0293391 -1.49672e-17
31.5 0.987672 -1.1165e-17 -0.0236484 -0.00840698 0.0123282 -9.34957e-18
32 0.974591 -2.19952e-17 -0.0240141 0.111506 0.0254088 6.16819e-18
32.5 0.93225 -1.24427e-17 -0.0243795 0.224444 0.0677497 -5.12766e-18
33 0.863284 -2.45743e-17 -0.0247444 0.323447 0.136716 3.10568e-18
33.5 0.771969 -6.40348e-17 -0.0251091 0.402421 0.228031 4.29096e-17
34 0.663953 -6.798e-18 -0.0254734 0.45651 0.336047 -1.90661e-17
34.5 0.545914 5.76307e-18 -0.0258374 0.4824 0.454086 -2.66625e-17
35 0.425139 -6.58299e-17 -0.0262011 0.478516 0.574861 4.04832e-17
35.5 0.309079 4.29956e-17 -0.0265645 0.445122 0.690921 -6.6108e-17
36 0.20489 -6.89886e-18 -0.0269276 0.384302 0.79511 -1.98265e-17
36.5 0.118986 -5.24495e-17 -0.0272906 0.29983 0.881014 2.43002e-17
37 0.0566517 8.93368e-17 -0.0276533 0.196934 0.943348 -1.16572e-16
37.5 0.0217122 -6.02965e-17 -0.0280158 0.081975 0.978288 3.45521e-17
38 0.0163001 -9.58649e-17 -0.028378 -0.0379458 0.9837 6.58108e-17
38.5 0.0407251 1.55982e-17 -0.0287401 -0.155429 0.959275 -4.52928e-17
39 0.0934565 -4.00601e-19 -0.029102 -0.263229 0.906544 -2.50925e-17
39.5 0.171219 1.81448e-18 -0.0294636 -0.354707 0.828781 -3.24101e-17
40 0.269196 -7.66291e-17 -0.0298249 -0.424234 0.730804 4.16146e-17
40.5 0.381328 1.36554e-17 -0.0301861 -0.467539 0.618672 -4.6232e-17
41 0.500688 8.9625e-18 -0.0305469 -0.481973 0.499312 -4.42521e-17
41.5 0.619909 -5.7294e-17 -0.0309074 -0.466668 0.380091 2.06455e-17
42 0.731637 1.08487e-16 -0.0312676 -0.422594 0.268363 -1.48075e-16
42.5 0.828987 -8.74026e-17 -0.0316275 -0.352492 0.171013 4.54976e-17
43 0.905968 -9.24616e-17 -0.031987 -0.260707 0.0940321 5.55286e-17
43.5 0.957847 2.86851e-17 -0.0323461 -0.152917 0.0421528 -6.67874e-17
44 0.981446 -1.13842e-16 -0.0327048 -0.035783 0.018554 6.90655e-17
44.5 0.975332 -6.98749e-17 -0.0330632 0.0834621 0.0246681 2.2515e-17
45 0.939906 1.09523e-17 -0.0334212 0.197462 0.0600939 -5.3939e-17
45.5 0.877377 1.43358e-16 -0.0337789 0.299191 0.122623 -1.922e-16
46 0.791625 -8.30594e-18 -0.0341362 0.382384 0.208375 -3.91488e-17
46.5 0.687955 -8.31222e-19 -0.0344932 0.441926 0.312045 -5.21167e-17
47 0.572778 2.28633e-16 -0.0348498 0.474162 0.427222 -2.83057e-16
47.5 0.453206 1.18178e-17 -0.0352062 0.477128 0.546794 -6.01108e-17
48 0.336617 -1.48646e-16 -0.0355623 0.450664 0.663383 9.61162e-17
48.5 0.2302 -1.39147e-16 -0.0359181 0.396426 0.7698 8.19604e-17
49 0.14051 -6.24336e-17 -0.0362737 0.317783 0.85949 7.38689e-18
49.5 0.0730653 -6.11598e-17 -0.0366291 0.219604 0.926935 1.17918e-18
50 0.0320068 -4.64279e-17 -0.0369843 0.107961 0.967993 -9.16175e-18
50.5 0.0198457 -6.94237e-18 -0.0373393 -0.0102505 0.980154 -5.79848e-17
51 0.0373086 1.82584e-17 -0.037694 -0.127733 0.962691 -7.54467e-17
51.5 0.0832942 -8.88008e-17 -0.0380486 -0.237242 0.916706 2.69299e-17
52 0.154943 5.52672e-17 -0.0384029 -0.332029 0.845057 -1.18081e-16
52.5 0.247815 -4.17589e-17 -0.038757 -0.406261 0.752185 -1.93562e-17
53 0.356166 4.33793e-17 -0.0391108 -0.455376 0.643834 -1.09817e-16
53.5 0.473299 1.25927e-16 -0.0394644 -0.476365 0.526701 -1.91828e-16
54 0.591984 -5.8208e-17 -0.0398177 -0.467957 0.408016 -6.91514e-18
54.5 0.704899 -8.14096e-17 -0.0401706 -0.430694 0.295101 1.39723e-17
55 0.805084 -1.44906e-16 -0.0405233 -0.366897 0.194916 7.94753e-17
55.5 0.886372 1.19909e-16 -0.0408755 -0.280524 0.113628 -1.9498e-16
56 0.943763 8.20523e-17 -0.0412275 -0.176919 0.0562368 -1.52217e-16
56.5 0.973738 -1.5182e-16 -0.041579 -0.0624876 0.0262617 8.17722e-17
57 0.974471 1.85071e-17 -0.0419302 0.055705 0.0255294 -9.15732e-17
57.5 0.945939 1.72336e-16 -0.042281 0.170366 0.0540612 -2.47666e-16
58 0.889927 -2.1769e-16 -0.0426315 0.274426 0.110073 1.44887e-16
58.5 0.809911 -9.5082e-17 -0.0429816 0.361475 0.190089 2.10083e-17
59 0.710846 2.31977e-17 -0.0433314 0.42616 0.289154 -9.94688e-17
59.5 0.598858 -1.67376e-16 -0.0436809 0.464507 0.401142 8.25463e-17
60 0.480863 -8.56285e-17 -0.0440301 0.474175 0.519137 3.70136e-18
60.5 0.364146 -8.54974e-17 -0.044379 0.454589 0.635854 5.75071e-18
61 0.255902 -1.74747e-16 -0.0447276 0.406982 0.744098 8.59971e-17
61.5 0.162801 1.47985e-16 -0.0450761 0.334313 0.837199 -2.39059e-16
62 0.0905734 -1.26923e-16 -0.0454243 0.241084 0.909427 3.80641e-17
62.5 0.0436563 -5.57407e-17 -0.0457723 0.133062 0.956344 -3.79919e-17
63 0.0249229 2.14985e-17 -0.0461201 0.0169206 0.975077 -1.15064e-16
63.5 0.0355057 -2.08282e-16 -0.0464677 -0.10017 0.964494 1.22268e-16
64 0.0747281 -7.71873e-17 -0.0468151 -0.210986 0.925272 -1.99234e-17
64.5 0.140148 -1.39422e-16 -0.0471623 -0.3087 0.859852 4.59714e-17
65 0.227708 9.15222e-17 -0.0475092 -0.387294 0.772292 -1.88796e-16
65.5 0.331991 1.47282e-16 -0.0478559 -0.441938 0.668009 -2.51391e-16
66 0.446551 -8.22287e-17 -0.0482024 -0.469281 0.553449 -1.50984e-17
66.5 0.564315 1.0986e-16 -0.0485486 -0.467657 0.435685 -2.11496e-16
67 0.678016 7.64959e-17 -0.0488944 -0.437192 0.321984 -1.72119e-16
67.5 0.780645 -9.55589e-17 -0.04924 -0.379787 0.219355 -1.30998e-17
68 0.865881 2.71023e-16 -0.0495852 -0.299005 0.134119 -3.74022e-16
68.5 0.928482 -9.09205e-17 -0.04993 -0.199848 0.0715183 -2.16067e-17
69 0.964604 4.15363e-17 -0.0502745 -0.0884452 0.0353956 -1.57624e-16
69.5 0.972043 -1.5903e-16 -0.0506187 0.0283217 0.0279574 5.61636e-17
70 0.950361 2.98533e-17 -0.0509624 0.143247 0.0496389 -1.42642e-16
70.5 0.900921 1.05928e-16 -0.0513059 0.249243 0.0990794 -2.19529e-16
71 0.826793 -1.08613e-16 -0.0516489 0.339781 0.173207 -1.25571e-18
71.5 0.732571 -1.5152e-16 -0.0519917 0.409289 0.267429 2.64539e-17
72 0.624081 -7.22028e-17 -0.0523341 0.453496 0.375919 -4.65061e-17
72.5 0.508027 1.83027e-17 -0.0526763 0.469698 0.491973 -1.33643e-16
73 0.391572 6.01504e-17 -0.0530182 0.456918 0.608428 -1.82171e-16
73.5 0.2819 3.60348e-17 -0.0533598 0.415967 0.7181 -1.51295e-16
74 0.185768 8.73771e-17 -0.0537012 0.349394 0.814232 -2.08023e-16
74.5 0.109095 8.49268e-17 -0.0540424 0.261326 0.890905 -2.07248e-16
75 0.0565945 6.17249e-17 -0.0543834 0.157212 0.943405 -1.81495e-16
75.5 0.0314839 -2.71088e-16 -0.0547242 0.0434873 0.968516 1.45273e-16
76 0.03529 1.29964e-16 -0.0550647 -0.0728273 0.96471 -2.58181e-16
76.5 0.0677545 -2.39125e-16 -0.0554051 -0.184556 0.932246 1.11347e-16
77 0.126852 -1.93528e-16 -0.0557453 -0.28481 0.873148 6.15894e-17
77.5 0.208915 -9.05979e-17 -0.0560853 -0.367417 0.791085 -3.55605e-17
78 0.308865 7.2252e-17 -0.056425 -0.427296 0.691135 -2.02992e-16
78.5 0.420521 -1.69872e-16 -0.0567645 -0.460772 0.579479 4.28068e-17
79 0.536989 -1.5432e-16 -0.0571037 -0.465802 0.463011 2.23002e-17
79.5 0.65108 6.5998e-17 -0.0574426 -0.442099 0.34892 -1.94216e-16
80 0.755761 1.05958e-16 -0.0577812 -0.391149 0.244239 -2.33409e-16
80.5 0.844582 -6.74399e-17 -0.0581195 -0.316116 0.155418 -5.50568e-17
81 0.912078 9.04256e-17 -0.0584574 -0.221646 0.0879223 -2.2495e-16
81.5 0.954103 -2.93456e-17 -0.058795 -0.113584 0.0458966 -1.04184e-16
82 0.968088 -7.11745e-17 -0.0591322 0.00139587 0.0319124 -6.01946e-17
82.5 0.953191 -7.06344e-17 -0.0594691 0.116196 0.0468095 -5.86262e-17
83 0.910355 -1.34409e-16 -0.0598056 0.223736 0.0896454 -1.08729e-17
83.5 0.842244 2.20393e-17 -0.0601418 0.31739 0.157756 -1.62981e-16
84 0.753081 -1.69397e-16 -0.0604777 0.391391 0.246919 2.46454e-17
84.5 0.648382 -1.6562e-17 -0.0608132 0.441193 0.351618 -1.33089e-16
85 0.534616 1.23233e-16 -0.0611485 0.463744 0.465384 -2.68408e-16
85.5 0.418808 -3.00787e-16 -0.0614835 0.457674 0.581192 1.51221e-16
86 0.308102 3.14638e-17 -0.0618182 0.423381 0.691898 -1.84636e-16
86.5 0.209321 -2.47763e-16 -0.0621527 0.363004 0.790679 9.32455e-17
87 0.128549 -1.60043e-16 -0.062487 0.280288 0.871451 8.39435e-18
87.5 0.0707522 -3.40527e-17 -0.0628211 0.180351 0.929248 -1.2183e-16
88 0.0394769 -3.20718e-17 -0.063155 0.0693732 0.960523 -1.20701e-16
88.5 0.0366302 -8.37363e-17 -0.0634887 -0.0457933 0.96337 -7.09723e-17
89 0.0623647 -1.48282e-16 -0.0638223 -0.158042 0.937635 -1.62948e-17
89.5 0.11507 3.9536e-16 -0.0641556 -0.260451 0.88493 -5.658e-16
90 0.191473 -3.14225e-16 -0.0644887 -0.346714 0.808527 1.52468e-16
90.5 0.286843 -8.87418e-18 -0.0648216 -0.411522 0.713157 -1.63605e-16
91 0.395281 -2.86297e-16 -0.0651542 -0.450897 0.604719 1.16594e-16
91.5 0.510091 3.50559e-16 -0.0654866 -0.462429 0.489909 -5.2498e-16
92 0.624184 2.35436e-16 -0.0658187 -0.445432 0.375816 -4.00428e-16
92.5 0.730525 -3.99281e-16 -0.0661505 -0.400976 0.269475 2.27477e-16
93 0.822561 -2.55137e-16 -0.066482 -0.331826 0.177439 7.30624e-17
93.5 0.894629 2.52388e-16 -0.0668131 -0.242266 0.105371 -4.26156e-16
94 0.942298 -1.84726e-16 -0.0671439 -0.137837 0.0577019 6.76722e-18
94.5 0.962649 -3.63461e-16 -0.0674744 -0.0249917 0.0373505 1.82747e-16
95 0.95445 -1.6682e-17 -0.0678045 0.0893029 0.0455501 -1.63535e-16
95.5 0.918228 9.2402e-17 -0.0681342 0.197997 0.0817718 -2.85484e-16
96 0.856241 -1.4986e-16 -0.0684637 0.29439 0.143759 -4.09996e-17
96.5 0.772333 4.30955e-16 -0.0687928 0.372548 0.227667 -6.24725e-16
97 0.671697 -1.97435e-16 -0.0691216 0.427665 0.328303 5.78733e-18
97.5 0.560554 5.44989e-17 -0.0694501 0.456361 0.439446 -2.51745e-16
98 0.445766 2.70892e-16 -0.0697783 0.456887 0.554234 -4.65692e-16
98.5 0.334416 -5.41399e-16 -0.0701063 0.429233 0.665584 3.44241e-16
99 0.23337 -1.27414e-17 -0.0704341 0.375128 0.76663 -1.90373e-16
99.5 0.148851 -2.0659e-16 -0.0707617 0.297931 0.851149 1.22309e-17
100 0.0860576 -5.35672e-16 -0.071089 0.202422 0.913942 3.28649e-16
